Arguments: 
  C:\Program Files\nodejs\node.exe C:\Users\bhavy\AppData\Local\Yarn\config\global\node_modules\yarn\bin\yarn.js init

PATH: 
  C:\Program Files\Git\mingw64\bin;C:\Program Files\Git\usr\bin;C:\Users\bhavy\bin;C:\Python27;C:\Python27\Scripts;C:\WINDOWS\system32;C:\WINDOWS;C:\WINDOWS\System32\Wbem;C:\WINDOWS\System32\WindowsPowerShell\v1.0;C:\Program Files\Intel\WiFi\bin;C:\Program Files\Common Files\Intel\WirelessCommon;C:\Program Files\Git\cmd;C:\Program Files\TortoiseGit\bin;C:\Program Files (x86)\Windows Kits\8.1\Windows Performance Toolkit;C:\Program Files\MongoDB\Server\3.4\bin;C:\Program Files (x86)\Skype\Phone;C:\xampp\php;C:\Program Files\nodejs;C:\WINDOWS\System32\OpenSSH;C:\Users\bhavy\AppData\Local\Yarn\config\global\node_modules\tslint\bin;C:\Users\bhavy\AppData\Local\Yarn\config\global\node_modules\typescript\bin;C:\Users\bhavy\AppData\Local\Yarn\bin;C:\Program Files\PostgreSQL\11\bin;C:\Program Files\PostgreSQL\11\pgAdmin 4\bin;C:\Users\bhavy\AppData\Local\Microsoft\WindowsApps;C:\Users\bhavy\AppData\Roaming\npm;C:\Program Files\Microsoft VS Code\bin;C:\Users\bhavy\AppData\Local\Programs\Microsoft VS Code\bin

Yarn version: 
  1.16.0

Node version: 
  8.10.0

Platform: 
  win32 x64

Trace: 
  Error: canceled
      at Interface.<anonymous> (C:\Users\bhavy\AppData\Local\Yarn\config\global\node_modules\yarn\lib\cli.js:125850:13)
      at emitNone (events.js:106:13)
      at Interface.emit (events.js:208:7)
      at Interface._ttyWrite (readline.js:775:16)
      at ReadStream.onkeypress (readline.js:160:10)
      at emitTwo (events.js:126:13)
      at ReadStream.emit (events.js:214:7)
      at emitKeys (internal/readline.js:420:14)
      at emitKeys.next (<anonymous>)
      at ReadStream.onData (readline.js:1011:36)

npm manifest: 
  No manifest

yarn manifest: 
  No manifest

Lockfile: 
  No lockfile
